2025/04/01 20:18:27 

2025/04/01 20:18:27 База данных успешно подключена
2025/04/01 20:18:27 Ошибка выполнения миграции: failed to connect to `user=postgres database=post_service`:
	127.0.0.1:2345 (127.0.0.1): dial error: dial tcp 127.0.0.1:2345: connect: connection refused
	127.0.0.1:2345 (127.0.0.1): dial error: dial tcp 127.0.0.1:2345: connect: connection refused
2025/04/01 20:18:27 Ошибка создания таблиц в БД
2025/04/01 20:35:23 

2025/04/01 20:35:23 gRPC server is running on port 8082
2025/04/01 20:36:40 

2025/04/01 20:36:40 База данных успешно подключена
2025/04/01 20:36:40 Миграции успешно выполнены
2025/04/01 20:36:40 gRPC server is running on port 8082
2025/04/01 20:36:49 

2025/04/01 20:36:49 База данных успешно подключена
2025/04/01 20:36:49 Ошибка выполнения миграции: ERROR: relation "post_info" already exists (SQLSTATE 42P07)
2025/04/01 20:36:49 Ошибка создания таблиц в БД
2025/04/01 20:37:08 

2025/04/01 20:37:08 База данных успешно подключена
2025/04/01 20:37:08 Ошибка выполнения миграции: ERROR: syntax error at or near "IF" (SQLSTATE 42601)
2025/04/01 20:37:08 Ошибка создания таблиц в БД
2025/04/01 20:38:20 

2025/04/01 20:38:20 База данных успешно подключена
2025/04/01 20:38:20 Ошибка выполнения миграции: ERROR: syntax error at or near "-" (SQLSTATE 42601)
2025/04/01 20:38:20 Ошибка создания таблиц в БД
2025/04/01 20:38:36 

2025/04/01 20:38:36 База данных успешно подключена
2025/04/01 20:38:36 Ошибка выполнения миграции: ERROR: syntax error at or near "'uuid-ossp'" (SQLSTATE 42601)
2025/04/01 20:38:36 Ошибка создания таблиц в БД
2025/04/01 20:39:36 

2025/04/01 20:39:36 База данных успешно подключена
2025/04/01 20:39:36 Ошибка выполнения миграции: ERROR: syntax error at or near "'uuid-ossp'" (SQLSTATE 42601)
2025/04/01 20:39:36 Ошибка создания таблиц в БД
2025/04/01 20:39:57 

2025/04/01 20:39:57 База данных успешно подключена
2025/04/01 20:39:57 Ошибка выполнения миграции: ERROR: syntax error at or near "-" (SQLSTATE 42601)
2025/04/01 20:39:57 Ошибка создания таблиц в БД
2025/04/01 20:41:11 

2025/04/01 20:41:11 База данных успешно подключена
2025/04/01 20:41:11 Ошибка выполнения миграции: ERROR: syntax error at or near "IF" (SQLSTATE 42601)
2025/04/01 20:41:11 Ошибка создания таблиц в БД
2025/04/01 20:42:52 

2025/04/01 20:42:52 База данных успешно подключена
2025/04/01 20:42:52 Миграции успешно выполнены
2025/04/01 20:42:52 gRPC server is running on port 8082
2025/04/01 20:44:21 

2025/04/01 20:44:21 База данных успешно подключена
2025/04/01 20:44:21 Миграции успешно выполнены
2025/04/01 20:44:21 gRPC server is running on port 8082
2025/04/01 20:51:08 

2025/04/01 20:51:08 База данных успешно подключена
2025/04/01 20:51:08 Миграции успешно выполнены
2025/04/01 20:51:08 gRPC server is running on port 8082
2025/04/01 21:00:40 

2025/04/01 21:00:40 База данных успешно подключена
2025/04/01 21:00:40 Ошибка выполнения миграции: failed to connect to `user=postgres database=post_service`:
	127.0.0.1:5432 (127.0.0.1): tls error: server refused TLS connection
	127.0.0.1:5432 (127.0.0.1): server error: FATAL: database "post_service" does not exist (SQLSTATE 3D000)
2025/04/01 21:00:40 Ошибка создания таблиц в БД
2025/04/01 21:03:51 

2025/04/01 21:03:51 База данных успешно подключена
2025/04/01 21:03:51 Ошибка выполнения миграции: failed to connect to `user=postgres database=post_service`:
	127.0.0.1:5432 (127.0.0.1): tls error: server refused TLS connection
	127.0.0.1:5432 (127.0.0.1): server error: FATAL: database "post_service" does not exist (SQLSTATE 3D000)
2025/04/01 21:03:51 Ошибка создания таблиц в БД
2025/04/01 21:05:04 

2025/04/01 21:05:04 База данных успешно подключена
2025/04/01 21:05:04 Ошибка выполнения миграции: failed to connect to `user=postgres database=post_service`:
	127.0.0.1:5432 (127.0.0.1): tls error: server refused TLS connection
	127.0.0.1:5432 (127.0.0.1): server error: FATAL: database "post_service" does not exist (SQLSTATE 3D000)
2025/04/01 21:05:04 Ошибка создания таблиц в БД
2025/04/01 21:05:37 

2025/04/01 21:05:37 База данных успешно подключена
2025/04/01 21:05:37 Миграции успешно выполнены
2025/04/01 21:05:37 gRPC server is running on port 8282
2025/04/01 21:08:10 

2025/04/01 21:08:10 База данных успешно подключена
2025/04/01 21:08:10 Ошибка выполнения миграции: failed to connect to `user=postgres database=post_service`:
	127.0.0.1:5432 (127.0.0.1): tls error: server refused TLS connection
	127.0.0.1:5432 (127.0.0.1): server error: FATAL: database "post_service" does not exist (SQLSTATE 3D000)
2025/04/01 21:08:10 Ошибка создания таблиц в БД
2025/04/01 21:08:15 

2025/04/01 21:08:15 База данных успешно подключена
2025/04/01 21:08:15 Миграции успешно выполнены
2025/04/01 21:08:15 gRPC server is running on port 8282
2025/04/01 21:09:59 

2025/04/01 21:09:59 База данных успешно подключена
2025/04/01 21:09:59 Миграции успешно выполнены
2025/04/01 21:09:59 gRPC server is running on port 8282
2025/04/01 21:10:25 

2025/04/01 21:10:25 База данных успешно подключена
2025/04/01 21:10:25 Миграции успешно выполнены
2025/04/01 21:10:25 gRPC server is running on port 8282
