2025/03/14 15:47:10 

2025/03/14 15:47:10 Сервер запущен на порту 8081
2025/03/14 15:47:10 listen tcp :8081: bind: address already in use
2025/03/14 15:47:28 

2025/03/14 15:47:28 Сервер запущен на порту 8081
2025/03/14 18:10:09 

2025/03/14 18:10:09 Сервер запущен на порту 8081
2025/04/01 22:28:36 

2025/04/01 22:28:36 Сервер запущен на порту 8081
2025/04/01 22:30:13 

2025/04/01 22:30:13 Сервер запущен на порту 8081
2025/04/01 22:30:59 

2025/04/01 22:30:59 Сервер запущен на порту 8081
2025/04/01 22:33:12 

2025/04/01 22:33:12 Сервер запущен на порту 8081
2025/04/01 22:36:35 

2025/04/01 22:36:35 Сервер запущен на порту 8081
2025/04/01 22:36:45 createPostHandler	 ошибка запроса к gRPC серверу: failed to exit idle mode: dns resolver: missing address
2025/04/01 22:37:06 

2025/04/01 22:37:06 Сервер запущен на порту 8081
2025/04/01 22:37:53 

2025/04/01 22:37:53 Сервер запущен на порту 8081
2025/04/01 22:39:27 

2025/04/01 22:40:09 

2025/04/01 22:40:09 Сервер запущен на порту 8081
2025/04/01 22:42:13 

2025/04/01 22:42:13 Сервер запущен на порту 8081
2025/04/01 22:42:29 

2025/04/01 22:42:29 Сервер запущен на порту 8081
2025/04/01 22:42:48 

2025/04/01 22:42:48 Сервер запущен на порту 8081
2025/04/01 22:43:55 

2025/04/01 22:43:55 Сервер запущен на порту 8081
2025/04/01 22:44:14 

2025/04/01 22:44:14 Сервер запущен на порту 8081
2025/04/01 22:45:37 

2025/04/01 22:45:37 Сервер запущен на порту 8081
2025/04/01 22:46:01 getPostHandler	 ошибка запроса к gRPC серверу: rpc error: code = NotFound desc = post not found
2025/04/01 22:46:17 

2025/04/01 22:46:17 Сервер запущен на порту 8081
2025/04/01 22:46:17 listen tcp :8081: bind: address already in use
2025/04/01 22:46:30 

2025/04/01 22:46:30 Сервер запущен на порту 8081
2025/04/01 22:49:00 

2025/04/01 22:49:00 Сервер запущен на порту 8081
2025/04/01 22:49:40 

2025/04/01 22:49:40 Сервер запущен на порту 8081
2025/04/01 22:49:40 listen tcp :8081: bind: address already in use
2025/04/01 22:49:43 

2025/04/01 22:49:43 Сервер запущен на порту 8081
2025/04/01 22:50:04 

2025/04/01 22:50:04 Сервер запущен на порту 8081
2025/04/01 22:56:36 

2025/04/01 22:56:36 Сервер запущен на порту 8081
2025/04/01 23:00:08 

2025/04/01 23:00:08 Сервер запущен на порту 8081
2025/04/01 23:02:48 

2025/04/01 23:02:48 Сервер запущен на порту 8081
2025/04/01 23:02:49 Получен запрос: /posts/20250401224540
2025/04/01 23:02:49 Получен post_id: 
2025/04/01 23:03:09 

2025/04/01 23:03:09 Сервер запущен на порту 8081
2025/04/01 23:03:13 Получен запрос: /posts/20250401224540
2025/04/01 23:03:38 

2025/04/01 23:03:38 Сервер запущен на порту 8081
2025/04/01 23:06:58 

2025/04/01 23:06:58 Сервер запущен на порту 8081
2025/04/01 23:09:24 

2025/04/01 23:09:24 Сервер запущен на порту 8081
2025/04/01 23:10:24 

2025/04/01 23:10:24 Сервер запущен на порту 8081
2025/04/01 23:10:54 

2025/04/01 23:10:54 Сервер запущен на порту 8081
2025/04/01 23:36:46 

2025/04/01 23:36:46 Сервер запущен на порту 8081
