2025/03/12 13:20:43 aboba
2025/03/12 13:20:43 aboba
2025/03/12 13:20:43 

2025/03/12 13:20:58 aboba
2025/03/12 13:20:58 aboba
2025/03/12 13:20:58 

2025/03/12 13:21:08 aboba
2025/03/12 13:21:08 aboba
2025/03/12 13:21:08 

2025/03/12 15:02:09 

2025/03/12 15:02:09 База данных успешно подключена
2025/03/12 15:02:09 Миграции успешно выполнены
2025/03/12 15:02:09 Сервер запущен на порту 8080
2025/03/12 15:04:33 

2025/03/12 15:04:33 База данных успешно подключена
2025/03/12 15:04:33 Миграции успешно выполнены
2025/03/12 15:04:33 Сервер запущен на порту 8080
2025/03/12 15:04:33 listen tcp 127.0.0.5:8080: bind: can't assign requested address
2025/03/12 15:05:05 

2025/03/12 15:05:05 База данных успешно подключена
2025/03/12 15:05:06 Миграции успешно выполнены
2025/03/12 15:05:06 Сервер запущен на порту 8080
2025/03/12 15:08:56 

2025/03/12 15:08:56 База данных успешно подключена
2025/03/12 15:08:56 Миграции успешно выполнены
2025/03/12 15:08:56 Сервер запущен на порту 8080
2025/03/13 00:02:50 

2025/03/13 00:03:07 

2025/03/13 00:03:22 

2025/03/13 00:03:22 База данных успешно подключена
2025/03/13 00:03:22 Миграции успешно выполнены
2025/03/13 00:03:22 Сервер запущен на порту 8080
2025/03/13 00:03:22 listen tcp 127.0.0.1:8080: bind: address already in use
2025/03/13 00:04:25 

2025/03/13 00:04:25 База данных успешно подключена
2025/03/13 00:04:25 Миграции успешно выполнены
2025/03/13 00:04:25 Сервер запущен на порту 8080
2025/03/13 00:04:25 listen tcp 127.0.0.1:8080: bind: address already in use
2025/03/13 00:04:47 

2025/03/13 00:04:47 База данных успешно подключена
2025/03/13 00:04:47 Миграции успешно выполнены
2025/03/13 00:04:47 Сервер запущен на порту 8080
2025/03/13 00:09:41 

2025/03/13 00:09:41 База данных успешно подключена
2025/03/13 00:09:41 Миграции успешно выполнены
2025/03/13 00:09:41 Сервер запущен на порту 8080
2025/03/13 00:25:33 

2025/03/13 00:25:33 База данных успешно подключена
2025/03/13 00:25:33 Миграции успешно выполнены
2025/03/13 00:25:33 Сервер запущен на порту 8080
2025/03/13 00:27:17 

2025/03/13 00:27:17 База данных успешно подключена
2025/03/13 00:27:17 Миграции успешно выполнены
2025/03/13 00:27:17 Сервер запущен на порту 8080
2025/03/13 00:28:08 RegisterUser	 Создание нового пользователя de0ab56b-0850-483a-a101-5cf590fb054e
2025/03/13 00:29:11 

2025/03/13 00:29:11 База данных успешно подключена
2025/03/13 00:29:11 Миграции успешно выполнены
2025/03/13 00:29:11 Сервер запущен на порту 8080
2025/03/13 00:29:20 

2025/03/13 00:29:20 База данных успешно подключена
2025/03/13 00:29:20 Миграции успешно выполнены
2025/03/13 00:29:20 Сервер запущен на порту 8080
2025/03/13 00:30:38 

2025/03/13 00:30:38 База данных успешно подключена
2025/03/13 00:30:38 Миграции успешно выполнены
2025/03/13 00:30:38 Сервер запущен на порту 8080
2025/03/13 00:37:25 

2025/03/13 00:37:25 База данных успешно подключена
2025/03/13 00:37:26 Миграции успешно выполнены
2025/03/13 00:37:26 Сервер запущен на порту 8080
2025/03/13 00:40:43 

2025/03/13 00:40:43 База данных успешно подключена
2025/03/13 00:40:43 Ошибка выполнения миграции: failed to connect to `user=postgres database=user_service`:
	[::1]:5432 (localhost): dial error: dial tcp [::1]:5432: connect: connection refused
	127.0.0.1:5432 (localhost): dial error: dial tcp 127.0.0.1:5432: connect: connection refused
	[::1]:5432 (localhost): dial error: dial tcp [::1]:5432: connect: connection refused
	127.0.0.1:5432 (localhost): dial error: dial tcp 127.0.0.1:5432: connect: connection refused
2025/03/13 00:40:43 Ошибка создания таблиц в БД
2025/03/13 00:42:13 

2025/03/13 00:42:13 База данных успешно подключена
2025/03/13 00:42:13 Миграции успешно выполнены
2025/03/13 00:42:13 Сервер запущен на порту 8080
2025/03/13 00:44:36 

2025/03/13 00:44:36 База данных успешно подключена
2025/03/13 00:44:36 Миграции успешно выполнены
2025/03/13 00:44:36 Сервер запущен на порту 8080
2025/03/13 00:45:24 

2025/03/13 00:45:24 База данных успешно подключена
2025/03/13 00:45:24 Миграции успешно выполнены
2025/03/13 00:45:24 Сервер запущен на порту 8080
2025/03/13 00:45:24 listen tcp 127.0.0.1:8080: bind: address already in use
2025/03/13 00:45:51 

2025/03/13 00:45:51 База данных успешно подключена
2025/03/13 00:45:51 Миграции успешно выполнены
2025/03/13 00:45:51 Сервер запущен на порту 8080
2025/03/13 00:46:47 RegisterUser	 Создание нового пользователя cd842b4f-2fcc-4204-a167-8ae243a73ff7
2025/03/13 00:47:14 

2025/03/13 00:47:14 База данных успешно подключена
2025/03/13 00:47:14 Миграции успешно выполнены
2025/03/13 00:47:14 Сервер запущен на порту 8080
2025/03/13 00:47:17 RegisterUser	 Ошибка проверки существования login в бд: can't scan into dest[0]: cannot scan uuid (OID 2950) in binary format into *int
2025/03/13 00:47:21 RegisterUser	 Ошибка проверки существования login в бд: can't scan into dest[0]: cannot scan uuid (OID 2950) in binary format into *int
2025/03/13 00:48:22 

2025/03/13 00:48:22 База данных успешно подключена
2025/03/13 00:48:22 Миграции успешно выполнены
2025/03/13 00:48:22 Сервер запущен на порту 8080
2025/03/13 00:50:29 

2025/03/13 00:50:29 База данных успешно подключена
2025/03/13 00:50:30 Миграции успешно выполнены
2025/03/13 00:50:30 Сервер запущен на порту 8080
2025/03/13 00:52:40 RegisterUser	 Создание нового пользователя 8544c889-c815-47db-9b83-7e835ec23d24
2025/03/13 00:54:52 

2025/03/13 00:54:52 База данных успешно подключена
2025/03/13 00:54:52 Миграции успешно выполнены
2025/03/13 00:54:52 Сервер запущен на порту 8080
2025/03/13 00:55:52 

2025/03/13 00:55:52 База данных успешно подключена
2025/03/13 00:55:52 Миграции успешно выполнены
2025/03/13 00:55:52 Сервер запущен на порту 8080
